D:\PROJEKTY\RADIOSTACK_V2\TRUNK\SOFTWARE\RS2FSX\DEBUG\RS2FSX.PCH
D:\PROJEKTY\RADIOSTACK_V2\TRUNK\SOFTWARE\RS2FSX\DEBUG\STDAFX.OBJ
D:\PROJEKTY\RADIOSTACK_V2\TRUNK\SOFTWARE\RS2FSX\DEBUG\VC110.PDB
D:\PROJEKTY\RADIOSTACK_V2\TRUNK\SOFTWARE\RS2FSX\DEBUG\RS2FSX.OBJ
D:\PROJEKTY\RADIOSTACK_V2\TRUNK\SOFTWARE\RS2FSX\DEBUG\RS2FSX.ILK
D:\PROJEKTY\RADIOSTACK_V2\TRUNK\SOFTWARE\RS2FSX\DEBUG\RS2FSX.EXE
D:\PROJEKTY\RADIOSTACK_V2\TRUNK\SOFTWARE\RS2FSX\DEBUG\RS2FSX.PDB
D:\Projekty\RadioStack_v2\trunk\Software\RS2FSX\Debug\RS2FSX.obj
D:\Projekty\RadioStack_v2\trunk\Software\RS2FSX\Debug\stdafx.obj
D:\Projekty\RadioStack_v2\trunk\Software\RS2FSX\Debug\RS2FSX.ilk
D:\Projekty\RadioStack_v2\trunk\Software\RS2FSX\Debug\cl.command.1.tlog
D:\Projekty\RadioStack_v2\trunk\Software\RS2FSX\Debug\CL.read.1.tlog
D:\Projekty\RadioStack_v2\trunk\Software\RS2FSX\Debug\CL.write.1.tlog
D:\Projekty\RadioStack_v2\trunk\Software\RS2FSX\Debug\link-cvtres.read.1.tlog
D:\Projekty\RadioStack_v2\trunk\Software\RS2FSX\Debug\link-cvtres.write.1.tlog
D:\Projekty\RadioStack_v2\trunk\Software\RS2FSX\Debug\link-rc.read.1.tlog
D:\Projekty\RadioStack_v2\trunk\Software\RS2FSX\Debug\link-rc.write.1.tlog
D:\Projekty\RadioStack_v2\trunk\Software\RS2FSX\Debug\link.command.1.tlog
D:\Projekty\RadioStack_v2\trunk\Software\RS2FSX\Debug\link.read.1.tlog
D:\Projekty\RadioStack_v2\trunk\Software\RS2FSX\Debug\link.write.1.tlog
D:\Projekty\RadioStack_v2\trunk\Software\RS2FSX\Debug\RS2FSX.pch
D:\Projekty\RadioStack_v2\trunk\Software\RS2FSX\Debug\vc110.idb
D:\Projekty\RadioStack_v2\trunk\Software\RS2FSX\Debug\RS2FSX.pdb
D:\Projekty\RadioStack_v2\trunk\Software\RS2FSX\Debug\vc110.pdb
D:\Projekty\RadioStack_v2\trunk\Software\RS2FSX\Debug\RS2FSX.exe
